<?xml version="1.0" encoding="UTF-8"?>
<!-- Generated by org.testng.reporters.JUnitXMLReporter -->
<testsuite ignored="0" hostname="LAPTOP-F40721BC" failures="1" tests="1" name="Default test" time="0.613" errors="0" timestamp="2023-01-14T20:02:52 IST">
  <testcase classname="com.sportstaktest.TestRunner.TestRunner" name="feature" time="0.258">
    <failure type="java.lang.NullPointerException" message="Cannot invoke &amp;quot;com.aventstack.extentreports.ExtentTest.fail(com.aventstack.extentreports.markuputils.Markup)&amp;quot; because &amp;quot;extenttest&amp;quot; is null">
      <![CDATA[java.lang.NullPointerException: Cannot invoke "com.aventstack.extentreports.ExtentTest.fail(com.aventstack.extentreports.markuputils.Markup)" because "extenttest" is null
at com.sportstaktest.Listeners.ExtentReportListener.testStepHandle(ExtentReportListener.java:52)
at com.sportstaktest.StepDef.SportsTakTest.open_chrome_browser_and_enter_URL(SportsTakTest.java:47)
at âœ½.Open chrome browser and enter URL(./Feature/SportsTakFunctionalityValidation.feature:6)
]]>
    </failure>
  </testcase> <!-- feature -->
</testsuite> <!-- Default test -->
